\BOOKMARK [0][-]{chapter.1}{Teoría extremal de grafos}{}% 1
\BOOKMARK [1][-]{section.1.1}{Teoría extremal de grafos}{chapter.1}% 2
\BOOKMARK [1][-]{section.1.2}{Números extremales en grafos bipartitos}{chapter.1}% 3
\BOOKMARK [1][-]{section.1.3}{Números extremales para árboles}{chapter.1}% 4
\BOOKMARK [1][-]{section.1.4}{Estabilidad y supersaturación}{chapter.1}% 5
\BOOKMARK [1][-]{section.1.5}{Teorema de Erdös-Stone}{chapter.1}% 6
\BOOKMARK [1][-]{section.1.6}{Ejercicios}{chapter.1}% 7
\BOOKMARK [1][-]{section.1.7}{Regularidad}{chapter.1}% 8
\BOOKMARK [0][-]{chapter.2}{Teoría de Ramsey}{}% 9
\BOOKMARK [1][-]{section.2.1}{Números de Ramsey}{chapter.2}% 10
\BOOKMARK [1][-]{section.2.2}{El problema con un final feliz}{chapter.2}% 11
\BOOKMARK [0][-]{chapter.3}{El método probabilístico}{}% 12
\BOOKMARK [1][-]{section.3.1}{Fundamentos}{chapter.3}% 13
\BOOKMARK [1][-]{section.3.2}{Esperanza}{chapter.3}% 14
\BOOKMARK [1][-]{section.3.3}{Método del primer momento}{chapter.3}% 15
\BOOKMARK [1][-]{section.3.4}{Erdös-Rényi}{chapter.3}% 16
\BOOKMARK [2][-]{subsection.3.4.1}{Método de alteración}{section.3.4}% 17
\BOOKMARK [1][-]{section.3.5}{Método del segundo momento}{chapter.3}% 18
\BOOKMARK [1][-]{section.3.6}{Método de concentración}{chapter.3}% 19
\BOOKMARK [1][-]{section.3.7}{Grafos aleatorios}{chapter.3}% 20
\BOOKMARK [1][-]{section.3.8}{Conexidad de grafos aleatorios}{chapter.3}% 21
\BOOKMARK [1][-]{section.3.9}{Grafos de dependencia}{chapter.3}% 22
\BOOKMARK [1][-]{section.3.10}{Grafos K3 libres}{chapter.3}% 23
\BOOKMARK [2][-]{subsection.3.10.1}{Desigualdades de Jason}{section.3.10}% 24
\BOOKMARK [1][-]{section.3.11}{Elección aleatoria dependiente}{chapter.3}% 25
\BOOKMARK [2][-]{subsection.3.11.1}{El número de Ramsey-Turán}{section.3.11}% 26
\BOOKMARK [2][-]{subsection.3.11.2}{Número extremal de grafos bipartitos}{section.3.11}% 27
\BOOKMARK [2][-]{subsection.3.11.3}{El número de Ramsey de un hipercubo}{section.3.11}% 28
